<?xml version="1.0" encoding="UTF-8"?>
<testsuite xmlns:xsi="http://www.w3.org/2001/XMLSchema-instance" xsi:noNamespaceSchemaLocation="https://maven.apache.org/surefire/maven-surefire-plugin/xsd/surefire-test-report-3.0.xsd" version="3.0" name="UserServiceTest" time="1.333" tests="6" errors="0" skipped="0" failures="0">
  <properties>
[...]
</properties>
  <testcase name="saveUser" classname="UserServiceTest" time="0.776">
    <system-out><![CDATA[Соединение с БД выполнено
Таблица users удалена
Таблица создана
ПользовательIvan Ivanov сохранен
]]></system-out>
  </testcase>
  <testcase name="removeUserById" classname="UserServiceTest" time="0.117">
    <system-out><![CDATA[Соединение с БД выполнено
Таблица users удалена
Таблица создана
ПользовательIvan Ivanov сохранен
Пользователь с id:1 удален
]]></system-out>
  </testcase>
  <testcase name="getAllUsers" classname="UserServiceTest" time="0.101">
    <system-out><![CDATA[Соединение с БД выполнено
Таблица users удалена
Таблица создана
ПользовательIvan Ivanov сохранен
]]></system-out>
  </testcase>
  <testcase name="dropUsersTable" classname="UserServiceTest" time="0.057">
    <system-out><![CDATA[Соединение с БД выполнено
Таблица users удалена
Таблица users удалена
]]></system-out>
  </testcase>
  <testcase name="createUsersTable" classname="UserServiceTest" time="0.063">
    <system-out><![CDATA[Соединение с БД выполнено
Таблица users удалена
Таблица создана
]]></system-out>
  </testcase>
  <testcase name="cleanUsersTable" classname="UserServiceTest" time="0.147">
    <system-out><![CDATA[Соединение с БД выполнено
Таблица users удалена
Таблица создана
ПользовательIvan Ivanov сохранен
Таблица очищена
]]></system-out>
  </testcase>
</testsuite>